This file contains any messages produced by compilers while
running configure, to aid debugging if configure makes a mistake.

It was created by configure, which was
generated by GNU Autoconf 2.69.  Invocation command line was

  $ ./configure --enable-maintainer-mode

## --------- ##
## Platform. ##
## --------- ##

hostname = tom-SP4
uname -m = x86_64
uname -r = 4.9.3-superkerneltouch+
uname -s = Linux
uname -v = #1 SMP Sun Jan 22 11:32:51 AEDT 2017

/usr/bin/uname -p = unknown
/bin/uname -X     = unknown

/bin/arch              = unknown
/usr/bin/arch -k       = unknown
/usr/convex/getsysinfo = unknown
/usr/bin/hostinfo      = unknown
/bin/machine           = unknown
/usr/bin/oslevel       = unknown
/bin/universe          = unknown

PATH: /usr/local/sbin
PATH: /usr/local/bin
PATH: /usr/sbin
PATH: /usr/bin
PATH: /sbin
PATH: /bin
PATH: /usr/games
PATH: /usr/local/games
PATH: /snap/bin


## ----------- ##
## Core tests. ##
## ----------- ##

configure:2254: checking for a BSD-compatible install
configure:2322: result: /usr/bin/install -c
configure:2333: checking whether build environment is sane
configure:2388: result: yes
configure:2539: checking for a thread-safe mkdir -p
configure:2578: result: /bin/mkdir -p
configure:2585: checking for gawk
configure:2615: result: no
configure:2585: checking for mawk
configure:2601: found /usr/bin/mawk
configure:2612: result: mawk
configure:2623: checking whether make sets $(MAKE)
configure:2645: result: yes
configure:2674: checking whether make supports nested variables
configure:2691: result: yes
configure:2821: checking whether to enable maintainer-specific portions of Makefiles
configure:2830: result: yes
configure:2856: checking for style of include used by make
configure:2884: result: GNU
configure:2955: checking for gcc
configure:2971: found /usr/bin/gcc
configure:2982: result: gcc
configure:3211: checking for C compiler version
configure:3220: gcc --version >&5
gcc (Ubuntu 7.2.0-8ubuntu3) 7.2.0
Copyright (C) 2017 Free Software Foundation, Inc.
This is free software; see the source for copying conditions.  There is NO
warranty; not even for MERCHANTABILITY or FITNESS FOR A PARTICULAR PURPOSE.

configure:3231: $? = 0
configure:3220: gcc -v >&5
Using built-in specs.
COLLECT_GCC=gcc
COLLECT_LTO_WRAPPER=/usr/lib/gcc/x86_64-linux-gnu/7/lto-wrapper
OFFLOAD_TARGET_NAMES=nvptx-none
OFFLOAD_TARGET_DEFAULT=1
Target: x86_64-linux-gnu
Configured with: ../src/configure -v --with-pkgversion='Ubuntu 7.2.0-8ubuntu3' --with-bugurl=file:///usr/share/doc/gcc-7/README.Bugs --enable-languages=c,ada,c++,go,brig,d,fortran,objc,obj-c++ --prefix=/usr --with-gcc-major-version-only --program-suffix=-7 --program-prefix=x86_64-linux-gnu- --enable-shared --enable-linker-build-id --libexecdir=/usr/lib --without-included-gettext --enable-threads=posix --libdir=/usr/lib --enable-nls --with-sysroot=/ --enable-clocale=gnu --enable-libstdcxx-debug --enable-libstdcxx-time=yes --with-default-libstdcxx-abi=new --enable-gnu-unique-object --disable-vtable-verify --enable-libmpx --enable-plugin --enable-default-pie --with-system-zlib --with-target-system-zlib --enable-objc-gc=auto --enable-multiarch --disable-werror --with-arch-32=i686 --with-abi=m64 --with-multilib-list=m32,m64,mx32 --enable-multilib --with-tune=generic --enable-offload-targets=nvptx-none --without-cuda-driver --enable-checking=release --build=x86_64-linux-gnu --host=x86_64-linux-gnu --target=x86_64-linux-gnu
Thread model: posix
gcc version 7.2.0 (Ubuntu 7.2.0-8ubuntu3) 
configure:3231: $? = 0
configure:3220: gcc -V >&5
gcc: error: unrecognized command line option '-V'
gcc: fatal error: no input files
compilation terminated.
configure:3231: $? = 1
configure:3220: gcc -qversion >&5
gcc: error: unrecognized command line option '-qversion'; did you mean '--version'?
gcc: fatal error: no input files
compilation terminated.
configure:3231: $? = 1
configure:3251: checking whether the C compiler works
configure:3273: gcc    conftest.c  >&5
configure:3277: $? = 0
configure:3325: result: yes
configure:3328: checking for C compiler default output file name
configure:3330: result: a.out
configure:3336: checking for suffix of executables
configure:3343: gcc -o conftest    conftest.c  >&5
configure:3347: $? = 0
configure:3369: result: 
configure:3391: checking whether we are cross compiling
configure:3399: gcc -o conftest    conftest.c  >&5
configure:3403: $? = 0
configure:3410: ./conftest
configure:3414: $? = 0
configure:3429: result: no
configure:3434: checking for suffix of object files
configure:3456: gcc -c   conftest.c >&5
configure:3460: $? = 0
configure:3481: result: o
configure:3485: checking whether we are using the GNU C compiler
configure:3504: gcc -c   conftest.c >&5
configure:3504: $? = 0
configure:3513: result: yes
configure:3522: checking whether gcc accepts -g
configure:3542: gcc -c -g  conftest.c >&5
configure:3542: $? = 0
configure:3583: result: yes
configure:3600: checking for gcc option to accept ISO C89
configure:3663: gcc  -c -g -O2  conftest.c >&5
configure:3663: $? = 0
configure:3676: result: none needed
configure:3701: checking whether gcc understands -c and -o together
configure:3723: gcc -c conftest.c -o conftest2.o
configure:3726: $? = 0
configure:3723: gcc -c conftest.c -o conftest2.o
configure:3726: $? = 0
configure:3738: result: yes
configure:3757: checking dependency style of gcc
configure:3868: result: gcc3
configure:3884: checking for library containing strerror
configure:3915: gcc -o conftest -g -O2   conftest.c  >&5
configure:3915: $? = 0
configure:3932: result: none required
configure:3988: checking for gcc
configure:4015: result: gcc
configure:4244: checking for C compiler version
configure:4253: gcc --version >&5
gcc (Ubuntu 7.2.0-8ubuntu3) 7.2.0
Copyright (C) 2017 Free Software Foundation, Inc.
This is free software; see the source for copying conditions.  There is NO
warranty; not even for MERCHANTABILITY or FITNESS FOR A PARTICULAR PURPOSE.

configure:4264: $? = 0
configure:4253: gcc -v >&5
Using built-in specs.
COLLECT_GCC=gcc
COLLECT_LTO_WRAPPER=/usr/lib/gcc/x86_64-linux-gnu/7/lto-wrapper
OFFLOAD_TARGET_NAMES=nvptx-none
OFFLOAD_TARGET_DEFAULT=1
Target: x86_64-linux-gnu
Configured with: ../src/configure -v --with-pkgversion='Ubuntu 7.2.0-8ubuntu3' --with-bugurl=file:///usr/share/doc/gcc-7/README.Bugs --enable-languages=c,ada,c++,go,brig,d,fortran,objc,obj-c++ --prefix=/usr --with-gcc-major-version-only --program-suffix=-7 --program-prefix=x86_64-linux-gnu- --enable-shared --enable-linker-build-id --libexecdir=/usr/lib --without-included-gettext --enable-threads=posix --libdir=/usr/lib --enable-nls --with-sysroot=/ --enable-clocale=gnu --enable-libstdcxx-debug --enable-libstdcxx-time=yes --with-default-libstdcxx-abi=new --enable-gnu-unique-object --disable-vtable-verify --enable-libmpx --enable-plugin --enable-default-pie --with-system-zlib --with-target-system-zlib --enable-objc-gc=auto --enable-multiarch --disable-werror --with-arch-32=i686 --with-abi=m64 --with-multilib-list=m32,m64,mx32 --enable-multilib --with-tune=generic --enable-offload-targets=nvptx-none --without-cuda-driver --enable-checking=release --build=x86_64-linux-gnu --host=x86_64-linux-gnu --target=x86_64-linux-gnu
Thread model: posix
gcc version 7.2.0 (Ubuntu 7.2.0-8ubuntu3) 
configure:4264: $? = 0
configure:4253: gcc -V >&5
gcc: error: unrecognized command line option '-V'
gcc: fatal error: no input files
compilation terminated.
configure:4264: $? = 1
configure:4253: gcc -qversion >&5
gcc: error: unrecognized command line option '-qversion'; did you mean '--version'?
gcc: fatal error: no input files
compilation terminated.
configure:4264: $? = 1
configure:4268: checking whether we are using the GNU C compiler
configure:4296: result: yes
configure:4305: checking whether gcc accepts -g
configure:4366: result: yes
configure:4383: checking for gcc option to accept ISO C89
configure:4459: result: none needed
configure:4484: checking whether gcc understands -c and -o together
configure:4521: result: yes
configure:4540: checking dependency style of gcc
configure:4651: result: gcc3
configure:4709: checking for ranlib
configure:4725: found /usr/bin/ranlib
configure:4736: result: ranlib
configure:4807: checking for ar
configure:4823: found /usr/bin/ar
configure:4834: result: ar
configure:4860: checking the archiver (ar) interface
configure:4876: gcc -c -g -O2  conftest.c >&5
configure:4876: $? = 0
configure:4878: ar cru libconftest.a conftest.o >&5
ar: `u' modifier ignored since `D' is the default (see `U')
configure:4881: $? = 0
configure:4909: result: ar
configure:4934: checking how to run the C preprocessor
configure:4965: gcc -E  conftest.c
configure:4965: $? = 0
configure:4979: gcc -E  conftest.c
conftest.c:11:10: fatal error: ac_nonexistent.h: No such file or directory
 #include <ac_nonexistent.h>
          ^~~~~~~~~~~~~~~~~~
compilation terminated.
configure:4979: $? = 1
configure: failed program was:
| /* confdefs.h */
| #define PACKAGE_NAME ""
| #define PACKAGE_TARNAME ""
| #define PACKAGE_VERSION ""
| #define PACKAGE_STRING ""
| #define PACKAGE_BUGREPORT ""
| #define PACKAGE_URL ""
| #define PACKAGE "xournal"
| #define VERSION "0.4.8"
| /* end confdefs.h.  */
| #include <ac_nonexistent.h>
configure:5004: result: gcc -E
configure:5024: gcc -E  conftest.c
configure:5024: $? = 0
configure:5038: gcc -E  conftest.c
conftest.c:11:10: fatal error: ac_nonexistent.h: No such file or directory
 #include <ac_nonexistent.h>
          ^~~~~~~~~~~~~~~~~~
compilation terminated.
configure:5038: $? = 1
configure: failed program was:
| /* confdefs.h */
| #define PACKAGE_NAME ""
| #define PACKAGE_TARNAME ""
| #define PACKAGE_VERSION ""
| #define PACKAGE_STRING ""
| #define PACKAGE_BUGREPORT ""
| #define PACKAGE_URL ""
| #define PACKAGE "xournal"
| #define VERSION "0.4.8"
| /* end confdefs.h.  */
| #include <ac_nonexistent.h>
configure:5067: checking for grep that handles long lines and -e
configure:5125: result: /bin/grep
configure:5130: checking for egrep
configure:5192: result: /bin/grep -E
configure:5197: checking for ANSI C header files
configure:5217: gcc -c -g -O2  conftest.c >&5
configure:5217: $? = 0
configure:5290: gcc -o conftest -g -O2   conftest.c  >&5
configure:5290: $? = 0
configure:5290: ./conftest
configure:5290: $? = 0
configure:5301: result: yes
configure:5367: checking for pkg-config
configure:5385: found /usr/bin/pkg-config
configure:5397: result: /usr/bin/pkg-config
configure:5422: checking pkg-config is at least version 0.9.0
configure:5425: result: yes
configure:5435: checking for PACKAGE
configure:5442: $PKG_CONFIG --exists --print-errors "$pkg_modules"
configure:5445: $? = 0
configure:5459: $PKG_CONFIG --exists --print-errors "$pkg_modules"
configure:5462: $? = 0
configure:5520: result: yes
configure:5531: checking build system type
configure:5545: result: x86_64-pc-linux-gnu
configure:5565: checking host system type
configure:5578: result: x86_64-pc-linux-gnu
configure:5598: checking for Windows environment
configure:5606: result: no
configure:5646: checking for sys/types.h
configure:5646: gcc -c -g -O2  conftest.c >&5
configure:5646: $? = 0
configure:5646: result: yes
configure:5646: checking for sys/stat.h
configure:5646: gcc -c -g -O2  conftest.c >&5
configure:5646: $? = 0
configure:5646: result: yes
configure:5646: checking for stdlib.h
configure:5646: gcc -c -g -O2  conftest.c >&5
configure:5646: $? = 0
configure:5646: result: yes
configure:5646: checking for string.h
configure:5646: gcc -c -g -O2  conftest.c >&5
configure:5646: $? = 0
configure:5646: result: yes
configure:5646: checking for memory.h
configure:5646: gcc -c -g -O2  conftest.c >&5
configure:5646: $? = 0
configure:5646: result: yes
configure:5646: checking for strings.h
configure:5646: gcc -c -g -O2  conftest.c >&5
configure:5646: $? = 0
configure:5646: result: yes
configure:5646: checking for inttypes.h
configure:5646: gcc -c -g -O2  conftest.c >&5
configure:5646: $? = 0
configure:5646: result: yes
configure:5646: checking for stdint.h
configure:5646: gcc -c -g -O2  conftest.c >&5
configure:5646: $? = 0
configure:5646: result: yes
configure:5646: checking for unistd.h
configure:5646: gcc -c -g -O2  conftest.c >&5
configure:5646: $? = 0
configure:5646: result: yes
configure:5661: checking locale.h usability
configure:5661: gcc -c -g -O2  conftest.c >&5
configure:5661: $? = 0
configure:5661: result: yes
configure:5661: checking locale.h presence
configure:5661: gcc -E  conftest.c
configure:5661: $? = 0
configure:5661: result: yes
configure:5661: checking for locale.h
configure:5661: result: yes
configure:5672: checking for LC_MESSAGES
configure:5688: gcc -o conftest -g -O2   -lz -lm conftest.c  >&5
configure:5688: $? = 0
configure:5696: result: yes
configure:5714: checking for CFPreferencesCopyAppValue
configure:5732: gcc -o conftest -g -O2   -lz -lm conftest.c  -Wl,-framework -Wl,CoreFoundation >&5
conftest.c:24:10: fatal error: CoreFoundation/CFPreferences.h: No such file or directory
 #include <CoreFoundation/CFPreferences.h>
          ^~~~~~~~~~~~~~~~~~~~~~~~~~~~~~~~
compilation terminated.
configure:5732: $? = 1
configure: failed program was:
| /* confdefs.h */
| #define PACKAGE_NAME ""
| #define PACKAGE_TARNAME ""
| #define PACKAGE_VERSION ""
| #define PACKAGE_STRING ""
| #define PACKAGE_BUGREPORT ""
| #define PACKAGE_URL ""
| #define PACKAGE "xournal"
| #define VERSION "0.4.8"
| #define STDC_HEADERS 1
| #define GETTEXT_PACKAGE "xournal"
| #define HAVE_SYS_TYPES_H 1
| #define HAVE_SYS_STAT_H 1
| #define HAVE_STDLIB_H 1
| #define HAVE_STRING_H 1
| #define HAVE_MEMORY_H 1
| #define HAVE_STRINGS_H 1
| #define HAVE_INTTYPES_H 1
| #define HAVE_STDINT_H 1
| #define HAVE_UNISTD_H 1
| #define HAVE_LOCALE_H 1
| #define HAVE_LC_MESSAGES 1
| /* end confdefs.h.  */
| #include <CoreFoundation/CFPreferences.h>
| int
| main ()
| {
| CFPreferencesCopyAppValue(NULL, NULL)
|   ;
|   return 0;
| }
configure:5741: result: no
configure:5748: checking for CFLocaleCopyCurrent
configure:5766: gcc -o conftest -g -O2   -lz -lm conftest.c  -Wl,-framework -Wl,CoreFoundation >&5
conftest.c:24:10: fatal error: CoreFoundation/CFLocale.h: No such file or directory
 #include <CoreFoundation/CFLocale.h>
          ^~~~~~~~~~~~~~~~~~~~~~~~~~~
compilation terminated.
configure:5766: $? = 1
configure: failed program was:
| /* confdefs.h */
| #define PACKAGE_NAME ""
| #define PACKAGE_TARNAME ""
| #define PACKAGE_VERSION ""
| #define PACKAGE_STRING ""
| #define PACKAGE_BUGREPORT ""
| #define PACKAGE_URL ""
| #define PACKAGE "xournal"
| #define VERSION "0.4.8"
| #define STDC_HEADERS 1
| #define GETTEXT_PACKAGE "xournal"
| #define HAVE_SYS_TYPES_H 1
| #define HAVE_SYS_STAT_H 1
| #define HAVE_STDLIB_H 1
| #define HAVE_STRING_H 1
| #define HAVE_MEMORY_H 1
| #define HAVE_STRINGS_H 1
| #define HAVE_INTTYPES_H 1
| #define HAVE_STDINT_H 1
| #define HAVE_UNISTD_H 1
| #define HAVE_LOCALE_H 1
| #define HAVE_LC_MESSAGES 1
| /* end confdefs.h.  */
| #include <CoreFoundation/CFLocale.h>
| int
| main ()
| {
| CFLocaleCopyCurrent();
|   ;
|   return 0;
| }
configure:5775: result: no
configure:5789: checking libintl.h usability
configure:5789: gcc -c -g -O2  conftest.c >&5
configure:5789: $? = 0
configure:5789: result: yes
configure:5789: checking libintl.h presence
configure:5789: gcc -E  conftest.c
configure:5789: $? = 0
configure:5789: result: yes
configure:5789: checking for libintl.h
configure:5789: result: yes
configure:5797: checking for ngettext in libc
configure:5815: gcc -o conftest -g -O2   -lz -lm conftest.c  >&5
configure:5815: $? = 0
configure:5824: result: yes
configure:5828: checking for dgettext in libc
configure:5846: gcc -o conftest -g -O2   -lz -lm conftest.c  >&5
configure:5846: $? = 0
configure:5855: result: yes
configure:5862: checking for bind_textdomain_codeset
configure:5862: gcc -o conftest -g -O2   -lz -lm conftest.c  >&5
configure:5862: $? = 0
configure:5862: result: yes
configure:6138: checking for msgfmt
configure:6165: result: /usr/bin/msgfmt
configure:6176: checking for dcgettext
configure:6176: gcc -o conftest -g -O2   -lz -lm conftest.c   >&5
conftest.c:49:6: warning: conflicting types for built-in function 'dcgettext' [-Wbuiltin-declaration-mismatch]
 char dcgettext ();
      ^~~~~~~~~
configure:6176: $? = 0
configure:6176: result: yes
configure:6186: checking if msgfmt accepts -c
configure:6201: $MSGFMT -c -o /dev/null conftest.foo
conftest.foo:3: warning: header field 'Language' missing in header
configure:6204: $? = 0
configure:6206: result: yes
configure:6216: checking for gmsgfmt
configure:6247: result: /usr/bin/msgfmt
configure:6257: checking for xgettext
configure:6284: result: /usr/bin/xgettext
configure:6303: gcc -o conftest -g -O2   -lz -lm conftest.c   >&5
configure:6303: $? = 0
configure:6385: checking for catalogs to be installed
configure:6410: result:  ca cs de es fr ja it nl pl pt_BR zh_CN zh_TW
configure:6554: checking that generated files are newer than configure
configure:6560: result: done
configure:6599: creating ./config.status

## ---------------------- ##
## Running config.status. ##
## ---------------------- ##

This file was extended by config.status, which was
generated by GNU Autoconf 2.69.  Invocation command line was

  CONFIG_FILES    = 
  CONFIG_HEADERS  = 
  CONFIG_LINKS    = 
  CONFIG_COMMANDS = 
  $ ./config.status 

on tom-SP4

config.status:911: creating Makefile
config.status:911: creating src/Makefile
config.status:911: creating src/ttsubset/Makefile
config.status:911: creating po/Makefile.in
config.status:911: creating config.h
config.status:1140: executing depfiles commands
config.status:1140: executing default-1 commands

## ---------------- ##
## Cache variables. ##
## ---------------- ##

ac_cv_build=x86_64-pc-linux-gnu
ac_cv_c_compiler_gnu=yes
ac_cv_env_CC_set=
ac_cv_env_CC_value=
ac_cv_env_CFLAGS_set=
ac_cv_env_CFLAGS_value=
ac_cv_env_CPPFLAGS_set=
ac_cv_env_CPPFLAGS_value=
ac_cv_env_CPP_set=
ac_cv_env_CPP_value=
ac_cv_env_LDFLAGS_set=
ac_cv_env_LDFLAGS_value=
ac_cv_env_LIBS_set=
ac_cv_env_LIBS_value=
ac_cv_env_PACKAGE_CFLAGS_set=
ac_cv_env_PACKAGE_CFLAGS_value=
ac_cv_env_PACKAGE_LIBS_set=
ac_cv_env_PACKAGE_LIBS_value=
ac_cv_env_PKG_CONFIG_LIBDIR_set=
ac_cv_env_PKG_CONFIG_LIBDIR_value=
ac_cv_env_PKG_CONFIG_PATH_set=
ac_cv_env_PKG_CONFIG_PATH_value=
ac_cv_env_PKG_CONFIG_set=
ac_cv_env_PKG_CONFIG_value=
ac_cv_env_build_alias_set=
ac_cv_env_build_alias_value=
ac_cv_env_host_alias_set=
ac_cv_env_host_alias_value=
ac_cv_env_target_alias_set=
ac_cv_env_target_alias_value=
ac_cv_func_bind_textdomain_codeset=yes
ac_cv_func_dcgettext=yes
ac_cv_header_inttypes_h=yes
ac_cv_header_libintl_h=yes
ac_cv_header_locale_h=yes
ac_cv_header_memory_h=yes
ac_cv_header_stdc=yes
ac_cv_header_stdint_h=yes
ac_cv_header_stdlib_h=yes
ac_cv_header_string_h=yes
ac_cv_header_strings_h=yes
ac_cv_header_sys_stat_h=yes
ac_cv_header_sys_types_h=yes
ac_cv_header_unistd_h=yes
ac_cv_host=x86_64-pc-linux-gnu
ac_cv_objext=o
ac_cv_path_EGREP='/bin/grep -E'
ac_cv_path_GMSGFMT=/usr/bin/msgfmt
ac_cv_path_GREP=/bin/grep
ac_cv_path_MSGFMT=/usr/bin/msgfmt
ac_cv_path_XGETTEXT=/usr/bin/xgettext
ac_cv_path_ac_pt_PKG_CONFIG=/usr/bin/pkg-config
ac_cv_path_install='/usr/bin/install -c'
ac_cv_path_mkdir=/bin/mkdir
ac_cv_prog_AWK=mawk
ac_cv_prog_CPP='gcc -E'
ac_cv_prog_ac_ct_AR=ar
ac_cv_prog_ac_ct_CC=gcc
ac_cv_prog_ac_ct_RANLIB=ranlib
ac_cv_prog_cc_c89=
ac_cv_prog_cc_g=yes
ac_cv_prog_make_make_set=yes
ac_cv_search_strerror='none required'
am_cv_CC_dependencies_compiler_type=gcc3
am_cv_ar_interface=ar
am_cv_make_support_nested_variables=yes
am_cv_prog_cc_c_o=yes
am_cv_val_LC_MESSAGES=yes
gt_cv_func_CFLocaleCopyCurrent=no
gt_cv_func_CFPreferencesCopyAppValue=no
gt_cv_func_dgettext_libc=yes
gt_cv_func_dgettext_libintl=no
gt_cv_func_ngettext_libc=yes
gt_cv_have_gettext=yes
pkg_cv_PACKAGE_CFLAGS='-pthread -I/usr/include/libgnomecanvas-2.0 -I/usr/include/gail-1.0 -I/usr/include/libart-2.0 -I/usr/include/gtk-2.0 -I/usr/lib/x86_64-linux-gnu/gtk-2.0/include -I/usr/include/gio-unix-2.0/ -I/usr/include/cairo -I/usr/include/pango-1.0 -I/usr/include/atk-1.0 -I/usr/include/gdk-pixbuf-2.0 -I/usr/include/libpng16 -I/usr/include/poppler/glib -I/usr/include/poppler -I/usr/include/cairo -I/usr/include/pixman-1 -I/usr/include/libpng16 -I/usr/include/pango-1.0 -I/usr/include/harfbuzz -I/usr/include/pango-1.0 -I/usr/include/glib-2.0 -I/usr/lib/x86_64-linux-gnu/glib-2.0/include -I/usr/include/freetype2'
pkg_cv_PACKAGE_LIBS='-lgnomecanvas-2 -lart_lgpl_2 -lgtk-x11-2.0 -lgdk-x11-2.0 -lpangocairo-1.0 -latk-1.0 -lgdk_pixbuf-2.0 -lpoppler-glib -lgio-2.0 -lcairo -lpangoft2-1.0 -lpango-1.0 -lgobject-2.0 -lglib-2.0 -lfontconfig -lfreetype'

## ----------------- ##
## Output variables. ##
## ----------------- ##

ACLOCAL='${SHELL} /home/tom/tournal/missing aclocal-1.15'
AMDEPBACKSLASH='\'
AMDEP_FALSE='#'
AMDEP_TRUE=''
AMTAR='$${TAR-tar}'
AM_BACKSLASH='\'
AM_DEFAULT_V='$(AM_DEFAULT_VERBOSITY)'
AM_DEFAULT_VERBOSITY='1'
AM_V='$(V)'
AR='ar'
AUTOCONF='${SHELL} /home/tom/tournal/missing autoconf'
AUTOHEADER='${SHELL} /home/tom/tournal/missing autoheader'
AUTOMAKE='${SHELL} /home/tom/tournal/missing automake-1.15'
AWK='mawk'
CATALOGS=' ca.gmo cs.gmo de.gmo es.gmo fr.gmo ja.gmo it.gmo nl.gmo pl.gmo pt_BR.gmo zh_CN.gmo zh_TW.gmo'
CATOBJEXT='.gmo'
CC='gcc'
CCDEPMODE='depmode=gcc3'
CFLAGS='-g -O2'
CPP='gcc -E'
CPPFLAGS=''
CYGPATH_W='echo'
DATADIRNAME='share'
DEFS='-DHAVE_CONFIG_H'
DEPDIR='.deps'
ECHO_C=''
ECHO_N='-n'
ECHO_T=''
EGREP='/bin/grep -E'
EXEEXT=''
GETTEXT_PACKAGE='xournal'
GMOFILES=' ca.gmo cs.gmo de.gmo es.gmo fr.gmo ja.gmo it.gmo nl.gmo pl.gmo pt_BR.gmo zh_CN.gmo zh_TW.gmo'
GMSGFMT='/usr/bin/msgfmt'
GREP='/bin/grep'
INSTALL_DATA='${INSTALL} -m 644'
INSTALL_PROGRAM='${INSTALL}'
INSTALL_SCRIPT='${INSTALL}'
INSTALL_STRIP_PROGRAM='$(install_sh) -c -s'
INSTOBJEXT='.mo'
INTLLIBS=''
INTL_MACOSX_LIBS=''
LDFLAGS=' -lz -lm'
LIBOBJS=''
LIBS=''
LINUX_FALSE='#'
LINUX_TRUE=''
LTLIBOBJS=''
MAINT=''
MAINTAINER_MODE_FALSE='#'
MAINTAINER_MODE_TRUE=''
MAKEINFO='${SHELL} /home/tom/tournal/missing makeinfo'
MKDIR_P='/bin/mkdir -p'
MKINSTALLDIRS='./mkinstalldirs'
MSGFMT='/usr/bin/msgfmt'
MSGFMT_OPTS='-c'
OBJEXT='o'
PACKAGE='xournal'
PACKAGE_BUGREPORT=''
PACKAGE_CFLAGS='-pthread -I/usr/include/libgnomecanvas-2.0 -I/usr/include/gail-1.0 -I/usr/include/libart-2.0 -I/usr/include/gtk-2.0 -I/usr/lib/x86_64-linux-gnu/gtk-2.0/include -I/usr/include/gio-unix-2.0/ -I/usr/include/cairo -I/usr/include/pango-1.0 -I/usr/include/atk-1.0 -I/usr/include/gdk-pixbuf-2.0 -I/usr/include/libpng16 -I/usr/include/poppler/glib -I/usr/include/poppler -I/usr/include/cairo -I/usr/include/pixman-1 -I/usr/include/libpng16 -I/usr/include/pango-1.0 -I/usr/include/harfbuzz -I/usr/include/pango-1.0 -I/usr/include/glib-2.0 -I/usr/lib/x86_64-linux-gnu/glib-2.0/include -I/usr/include/freetype2'
PACKAGE_LIBS='-lgnomecanvas-2 -lart_lgpl_2 -lgtk-x11-2.0 -lgdk-x11-2.0 -lpangocairo-1.0 -latk-1.0 -lgdk_pixbuf-2.0 -lpoppler-glib -lgio-2.0 -lcairo -lpangoft2-1.0 -lpango-1.0 -lgobject-2.0 -lglib-2.0 -lfontconfig -lfreetype'
PACKAGE_NAME=''
PACKAGE_STRING=''
PACKAGE_TARNAME=''
PACKAGE_URL=''
PACKAGE_VERSION=''
PATH_SEPARATOR=':'
PKG_CONFIG='/usr/bin/pkg-config'
PKG_CONFIG_LIBDIR=''
PKG_CONFIG_PATH=''
POFILES=' ca.po cs.po de.po es.po fr.po ja.po it.po nl.po pl.po pt_BR.po zh_CN.po zh_TW.po'
POSUB='po'
PO_IN_DATADIR_FALSE=''
PO_IN_DATADIR_TRUE=''
RANLIB='ranlib'
SET_MAKE=''
SHELL='/bin/bash'
STRIP=''
USE_NLS='yes'
VERSION='0.4.8'
WIN32_FALSE=''
WIN32_TRUE='#'
XGETTEXT='/usr/bin/xgettext'
ac_ct_AR='ar'
ac_ct_CC='gcc'
am__EXEEXT_FALSE=''
am__EXEEXT_TRUE='#'
am__fastdepCC_FALSE='#'
am__fastdepCC_TRUE=''
am__include='include'
am__isrc=''
am__leading_dot='.'
am__nodep='_no'
am__quote=''
am__tar='$${TAR-tar} chof - "$$tardir"'
am__untar='$${TAR-tar} xf -'
bindir='${exec_prefix}/bin'
build='x86_64-pc-linux-gnu'
build_alias=''
build_cpu='x86_64'
build_os='linux-gnu'
build_vendor='pc'
datadir='${datarootdir}'
datarootdir='${prefix}/share'
docdir='${datarootdir}/doc/${PACKAGE}'
dvidir='${docdir}'
exec_prefix='${prefix}'
host='x86_64-pc-linux-gnu'
host_alias=''
host_cpu='x86_64'
host_os='linux-gnu'
host_vendor='pc'
htmldir='${docdir}'
includedir='${prefix}/include'
infodir='${datarootdir}/info'
install_sh='${SHELL} /home/tom/tournal/install-sh'
libdir='${exec_prefix}/lib'
libexecdir='${exec_prefix}/libexec'
localedir='${datarootdir}/locale'
localstatedir='${prefix}/var'
mandir='${datarootdir}/man'
mkdir_p='$(MKDIR_P)'
oldincludedir='/usr/include'
pdfdir='${docdir}'
prefix='/usr/local'
program_transform_name='s,x,x,'
psdir='${docdir}'
runstatedir='${localstatedir}/run'
sbindir='${exec_prefix}/sbin'
sharedstatedir='${prefix}/com'
sysconfdir='${prefix}/etc'
target_alias=''

## ----------- ##
## confdefs.h. ##
## ----------- ##

/* confdefs.h */
#define PACKAGE_NAME ""
#define PACKAGE_TARNAME ""
#define PACKAGE_VERSION ""
#define PACKAGE_STRING ""
#define PACKAGE_BUGREPORT ""
#define PACKAGE_URL ""
#define PACKAGE "xournal"
#define VERSION "0.4.8"
#define STDC_HEADERS 1
#define GETTEXT_PACKAGE "xournal"
#define HAVE_SYS_TYPES_H 1
#define HAVE_SYS_STAT_H 1
#define HAVE_STDLIB_H 1
#define HAVE_STRING_H 1
#define HAVE_MEMORY_H 1
#define HAVE_STRINGS_H 1
#define HAVE_INTTYPES_H 1
#define HAVE_STDINT_H 1
#define HAVE_UNISTD_H 1
#define HAVE_LOCALE_H 1
#define HAVE_LC_MESSAGES 1
#define HAVE_BIND_TEXTDOMAIN_CODESET 1
#define HAVE_GETTEXT 1
#define HAVE_DCGETTEXT 1
#define ENABLE_NLS 1

configure: exit 0

## ---------------------- ##
## Running config.status. ##
## ---------------------- ##

This file was extended by config.status, which was
generated by GNU Autoconf 2.69.  Invocation command line was

  CONFIG_FILES    = 
  CONFIG_HEADERS  = 
  CONFIG_LINKS    = 
  CONFIG_COMMANDS = 
  $ ./config.status config.h

on tom-SP4

config.status:911: creating config.h
